<?xml version="1.0" encoding="UTF-8"?>
<testng-results ignored="0" total="3" passed="3" failed="0" skipped="0">
  <reporter-output>
  </reporter-output>
  <suite started-at="2021-04-10T16:40:43Z" name="Default suite" finished-at="2021-04-10T16:40:51Z" duration-ms="8650">
    <groups>
    </groups>
    <test started-at="2021-04-10T16:40:43Z" name="Default test" finished-at="2021-04-10T16:40:51Z" duration-ms="8650">
      <class name="testauto.LoginTest">
        <test-method is-config="true" signature="SetUp()[pri:0, instance:testauto.LoginTest@2ddc9a9f]" started-at="2021-04-10T16:40:43Z" name="SetUp" finished-at="2021-04-10T16:40:47Z" duration-ms="4483" status="PASS">
          <reporter-output>
          </reporter-output>
        </test-method> <!-- SetUp -->
        <test-method signature="signInButton()[pri:0, instance:testauto.LoginTest@2ddc9a9f]" started-at="2021-04-10T16:40:47Z" name="signInButton" finished-at="2021-04-10T16:40:50Z" duration-ms="2592" status="PASS">
          <reporter-output>
          </reporter-output>
        </test-method> <!-- signInButton -->
        <test-method signature="input()[pri:1, instance:testauto.LoginTest@2ddc9a9f]" started-at="2021-04-10T16:40:50Z" name="input" finished-at="2021-04-10T16:40:50Z" duration-ms="551" status="PASS">
          <reporter-output>
          </reporter-output>
        </test-method> <!-- input -->
        <test-method signature="loginButton()[pri:2, instance:testauto.LoginTest@2ddc9a9f]" started-at="2021-04-10T16:40:50Z" name="loginButton" finished-at="2021-04-10T16:40:50Z" duration-ms="158" status="PASS">
          <reporter-output>
          </reporter-output>
        </test-method> <!-- loginButton -->
        <test-method is-config="true" signature="closeChromeWindow()[pri:0, instance:testauto.LoginTest@2ddc9a9f]" started-at="2021-04-10T16:40:50Z" name="closeChromeWindow" finished-at="2021-04-10T16:40:51Z" duration-ms="827" status="PASS">
          <reporter-output>
          </reporter-output>
        </test-method> <!-- closeChromeWindow -->
      </class> <!-- testauto.LoginTest -->
    </test> <!-- Default test -->
  </suite> <!-- Default suite -->
</testng-results>
