<?xml version="1.0" encoding="UTF-8"?>
<!-- Generated by org.testng.reporters.JUnitXMLReporter -->
<testsuite ignored="0" hostname="KUDO" failures="0" tests="3" name="Default test" time="7.611" errors="0" timestamp="10 Apr 2021 16:00:41 GMT">
  <testcase classname="testauto.LoginTest" name="signInButton" time="2.306"/>
  <testcase classname="testauto.LoginTest" name="input" time="0.507"/>
  <testcase classname="testauto.LoginTest" name="loginButton" time="0.114"/>
</testsuite> <!-- Default test -->
