<?xml version="1.0" encoding="UTF-8"?>
<!-- Generated by org.testng.reporters.JUnitXMLReporter -->
<testsuite ignored="0" hostname="KUDO" failures="0" tests="3" name="Default test" time="8.65" errors="0" timestamp="10 Apr 2021 16:40:51 GMT">
  <testcase classname="testauto.LoginTest" name="signInButton" time="2.592"/>
  <testcase classname="testauto.LoginTest" name="input" time="0.551"/>
  <testcase classname="testauto.LoginTest" name="loginButton" time="0.158"/>
</testsuite> <!-- Default test -->
